*** Agente Estacao 0 registado! ***
*** Agente Estacao 1 registado! ***
*** Agente Estacao 2 registado! ***
*** Agente Estacao 3 registado! ***
*** Agente Estacao 4 registado! ***
Agente Estacao 1 - Agente Utilizador 0 fez um pedido de aluguer!
Agente Estacao 1 - Pedido de aluguer aceite a Agente Utilizador 0!
*** Agente Utilizador 0 registado! ***
Agente Utilizador 0 aceitou o incentivo (0.6) da posição (4.0,1.0).
Agente Utilizador 0 rejeitou o incentivo (0.6) da posição (6.0,8.0).
Agente Utilizador 0 rejeitou o incentivo (0.6) da posição (6.0,8.0).
Agente Utilizador 0 rejeitou o incentivo (0.6) da posição (6.0,8.0).
Agente Utilizador 0 rejeitou o incentivo (0.6) da posição (6.0,8.0).
Agente Utilizador 0 rejeitou o incentivo (0.6) da posição (6.0,8.0).
Agente Utilizador 0 rejeitou o incentivo (0.6) da posição (6.0,8.0).
Agente Utilizador 0 chegou ao destino.
Agente Estacao 2 - Agente Utilizador 0 fez um pedido de devolução!
Agente Estacao 2 - Pedido de devolução aceite a Agente Utilizador 0!
Agente Utilizador 0 saiu do sistema.
Agente Estacao 4 - Agente Utilizador 1 fez um pedido de aluguer!
Agente Estacao 4 - Pedido de aluguer aceite a Agente Utilizador 1!
*** Agente Utilizador 1 registado! ***
