***Agente Estacao 0 registado! ***
***Agente Estacao 1 registado! ***
***Agente Estacao 2 registado! ***
***Agente Estacao 3 registado! ***
***Agente Estacao 4 registado! ***
Agente Estacao 1: Agente Utilizador 0 fez um pedido de aluguer!
Agente Estacao 1 - Pedido de aluguer aceite ao :Agente Utilizador 0!
*** Agente Utilizador 0 registado! ***
Agente Utilizador 0 aceitou o incentivo (0.6) da posição (10.0,10.0)
Agente Utilizador 0 rejeitou o incentivo (0.6) da posição (15.0,10.0)
Agente Utilizador 0 rejeitou o incentivo (0.6) da posição (1.0,15.0)
Agente Utilizador 0 rejeitou o incentivo (0.6) da posição (15.0,10.0)
Agente Utilizador 0 rejeitou o incentivo (0.6) da posição (15.0,10.0)
Agente Utilizador 0 rejeitou o incentivo (0.6) da posição (1.0,15.0)
Agente Utilizador 0 rejeitou o incentivo (0.6) da posição (15.0,10.0)
Agente Utilizador 0 rejeitou o incentivo (0.6) da posição (1.0,15.0)
Agente Utilizador 0: Chegou ao destino 
Agente Estacao 0: Agente Utilizador 0 fez um pedido de devolução!
Agente Estacao 0 - Pedido de devolução aceite ao :Agente Utilizador 0!
Agente Utilizador 0 saiu do sistema
Agente Estacao 1: Agente Utilizador 1 fez um pedido de aluguer!
Agente Estacao 1 - Pedido de aluguer aceite ao :Agente Utilizador 1!
*** Agente Utilizador 1 registado! ***
Agente Utilizador 1 rejeitou o incentivo (0.39999998) da posição (10.0,10.0)
Agente Utilizador 1 aceitou o incentivo (0.6) da posição (15.0,10.0)
Agente Utilizador 1: Chegou ao destino 
Agente Estacao 2: Agente Utilizador 1 fez um pedido de devolução!
Agente Estacao 2 - Pedido de devolução aceite ao :Agente Utilizador 1!
Agente Utilizador 1 saiu do sistema
Agente Estacao 0: Agente Utilizador 2 fez um pedido de aluguer!
Agente Estacao 0 - Pedido de aluguer aceite ao :Agente Utilizador 2!
*** Agente Utilizador 2 registado! ***
Agente Utilizador 2 rejeitou o incentivo (0.39999998) da posição (15.0,10.0)
Agente Utilizador 2: Chegou ao destino 
Agente Estacao 3: Agente Utilizador 2 fez um pedido de devolução!
Agente Estacao 3 - Pedido de devolução aceite ao :Agente Utilizador 2!
Agente Utilizador 2 saiu do sistema
Agente Estacao 3: Agente Utilizador 3 fez um pedido de aluguer!
Agente Estacao 3 - Pedido de aluguer aceite ao :Agente Utilizador 3!
*** Agente Utilizador 3 registado! ***
Agente Utilizador 3 aceitou o incentivo (0.6) da posição (10.0,10.0)
Agente Utilizador 3 rejeitou o incentivo (0.39999998) da posição (15.0,10.0)
Agente Utilizador 3: Chegou ao destino 
Agente Estacao 0: Agente Utilizador 3 fez um pedido de devolução!
Agente Estacao 0 - Pedido de devolução aceite ao :Agente Utilizador 3!
Agente Utilizador 3 saiu do sistema
Agente Estacao 4: Agente Utilizador 4 fez um pedido de aluguer!
Agente Estacao 4 - Pedido de aluguer aceite ao :Agente Utilizador 4!
*** Agente Utilizador 4 registado! ***
Agente Utilizador 4 rejeitou o incentivo (0.39999998) da posição (15.0,10.0)
Agente Utilizador 4 rejeitou o incentivo (0.39999998) da posição (15.0,10.0)
Agente Utilizador 4 rejeitou o incentivo (0.39999998) da posição (15.0,10.0)
Agente Utilizador 4: Chegou ao destino 
Agente Estacao 1: Agente Utilizador 4 fez um pedido de devolução!
Agente Estacao 1 - Pedido de devolução aceite ao :Agente Utilizador 4!
Agente Utilizador 4 saiu do sistema
